# Exporting Specctra DSN file: D:\Files\Sandbox\324\Untitled1.DSN
# 4294967295 bytes currently free.
# Writing DSN file Parser section.
# Writing DSN file Resolution section.
# Writing DSN file Structure section.
# Writing DSN file Structure section Boundaries.
# Writing DSN file Structure section Layers.
# Writing DSN file Structure section Keepouts.
# Writing DSN file Structure section Grids.
# Writing DSN file Structure section Vias.
# Writing DSN file Placement section.
# Writing DSN file Library section.
# Writing DSN file Library section Images.
# Writing DSN file Library section Padstacks.
# Writing DSN file Network section.
# Writing DSN file Network section Nets.
# Writing DSN file Network section Net Classes.
# Writing DSN file Network section Class-To-Class definitions.
# Writing DSN file Network section Wiring.
# Writing DSN file Wiring section Wire definitions.
# Writing DSN file Wiring section Via definitions.
# Writing DSN file Wiring section Testpoints.
# 0 bytes used.
# P-CAD to Specctra export is complete.
# Specctra DSN file is: D:\Files\Sandbox\324\Untitled1.DSN
